
Simple Request Tests (SRTs)
================================
Sat 09 Mar 2024 05:30:44 PM EST

reading input file: srt-happy.txt...

start API service...

sleeping...

> welcome-api@1.0.0 local
> node index

listening on port 3000

start request run...

http://localhost:3000/
{
  "hello": {
    "who": ""
  },
  "link": {
    "rel": "welcome",
    "href": "http://localhost:3000/welcome"
  }
}
STATUS: 200


http://localhost:3000/welcome/
[
  {
    "id": "q1w2e3",
    "hello": {
      "who": "ME",
      "where": "HERE"
    }
  },
  {
    "id": "w2e3r4",
    "hello": {
      "who": "YOU",
      "where": "THERE"
    }
  }
]
STATUS: 200


http://localhost:3000/welcome/ -X POST -d who=THEY&where=SOMEWHERE 
{
  "hello": {
    "who": "THEY",
    "where": "SOMEWHERE"
  },
  "id": "1gvxx8mffml"
}
STATUS: 201


http://localhost:3000/welcome/q1w2e3 
{
  "id": "q1w2e3",
  "hello": {
    "who": "ME",
    "where": "HERE"
  }
}
STATUS: 200


http://localhost:3000/welcome/q1w2e3 -X PUT -d who=ALL&where=NOWHERE 
{
  "id": "q1w2e3",
  "hello": {
    "who": "ALL",
    "where": "NOWHERE"
  }
}
STATUS: 200


http://localhost:3000/welcome/q1w2e3 -X DELETE
[
  {
    "id": "w2e3r4",
    "hello": {
      "who": "YOU",
      "where": "THERE"
    }
  },
  {
    "hello": {
      "who": "THEY",
      "where": "SOMEWHERE"
    },
    "id": "1gvxx8mffml"
  }
]
STATUS: 200


http://localhost:3000/welcome/ -X POST -d who=WE&where=EVERYWHERE&why=FUN 
{
  "hello": {
    "who": "WE",
    "where": "EVERYWHERE"
  },
  "id": "6u0zr1q3xlw"
}
STATUS: 201


job completed.

